<?xml version="1.0" encoding="UTF-8"?>
<testsuite name="com.architecturecourse.commandlineinterpreter.CdTests" tests="3" skipped="0" failures="0" errors="0" timestamp="2022-10-18T14:13:42" hostname="MSI" time="0.041">
  <properties/>
  <testcase name="testExecuteCDValidNextTwoDirWithCheckCat()" classname="com.architecturecourse.commandlineinterpreter.CdTests" time="0.037"/>
  <testcase name="testExecuteCDValidNextDir()" classname="com.architecturecourse.commandlineinterpreter.CdTests" time="0.001"/>
  <testcase name="testExecuteCDValid()" classname="com.architecturecourse.commandlineinterpreter.CdTests" time="0.001"/>
  <system-out><![CDATA[(Optional[червячок _/?\_/?\_/?\_o], 0)
(Optional[червячок _/?\_/?\_/?\_o], 0)
]]></system-out>
  <system-err><![CDATA[]]></system-err>
</testsuite>
