<?xml version="1.0" encoding="UTF-8"?>
<testsuite name="com.architecturecourse.commandlineinterpreter.CdTests" tests="1" skipped="0" failures="0" errors="0" timestamp="2022-10-18T13:21:05" hostname="DESKTOP-LP6QJMQ" time="0.028">
  <properties/>
  <testcase name="testExecuteCDValid()" classname="com.architecturecourse.commandlineinterpreter.CdTests" time="0.028"/>
  <system-out><![CDATA[]]></system-out>
  <system-err><![CDATA[]]></system-err>
</testsuite>
